[debug] [2024-05-06T21:29:12.183Z] ----------------------------------------------------------------------
[debug] [2024-05-06T21:29:12.186Z] Command:       C:\Program Files\nodejsx\node.exe C:\Program Files\nodejsx\node_modules\firebase-tools\lib\bin\firebase.js init
[debug] [2024-05-06T21:29:12.187Z] CLI Version:   13.8.0
[debug] [2024-05-06T21:29:12.187Z] Platform:      win32
[debug] [2024-05-06T21:29:12.187Z] Node Version:  v21.7.3
[debug] [2024-05-06T21:29:12.187Z] Time:          Mon May 06 2024 22:29:12 GMT+0100 (GMT+01:00)
[debug] [2024-05-06T21:29:12.188Z] ----------------------------------------------------------------------
[debug] 
[debug] [2024-05-06T21:29:12.198Z] > command requires scopes: ["email","openid","https://www.googleapis.com/auth/cloudplatformprojects.readonly","https://www.googleapis.com/auth/firebase","https://www.googleapis.com/auth/cloud-platform"]
[debug] [2024-05-06T21:29:12.199Z] > authorizing via signed-in user (radouatr@gmail.com)
[info] 
     ######## #### ########  ######## ########     ###     ######  ########
     ##        ##  ##     ## ##       ##     ##  ##   ##  ##       ##
     ######    ##  ########  ######   ########  #########  ######  ######
     ##        ##  ##    ##  ##       ##     ## ##     ##       ## ##
     ##       #### ##     ## ######## ########  ##     ##  ######  ########

You're about to initialize a Firebase project in this directory:

  C:\Users\PC\Desktop\Hospital-Management-System-main\Hospital-Management-System-main - Copy (2)\client

[info] 
=== Project Setup
[info] 
[info] First, let's associate this project directory with a Firebase project.
[info] You can create multiple project aliases by running firebase use --add, 
[info] but for now we'll just set up a default project.
[info] 
[debug] [2024-05-06T21:31:35.404Z] >>> [apiv2][query] GET https://firebase.googleapis.com/v1beta1/projects pageSize=100
[debug] [2024-05-06T21:31:36.088Z] <<< [apiv2][status] GET https://firebase.googleapis.com/v1beta1/projects 200
[debug] [2024-05-06T21:31:36.088Z] <<< [apiv2][body] GET https://firebase.googleapis.com/v1beta1/projects [omitted]
[info] i  Using project al-rahma-hospital (AL-Rahma-Hospital) 
[info] 
=== Database Setup
[info] i  database: ensuring required API firebasedatabase.googleapis.com is enabled... 
[debug] [2024-05-06T21:31:40.340Z] >>> [apiv2][query] GET https://serviceusage.googleapis.com/v1/projects/al-rahma-hospital/services/firebasedatabase.googleapis.com [none]
[debug] [2024-05-06T21:31:40.341Z] >>> [apiv2][(partial)header] GET https://serviceusage.googleapis.com/v1/projects/al-rahma-hospital/services/firebasedatabase.googleapis.com x-goog-quota-user=projects/al-rahma-hospital
[debug] [2024-05-06T21:31:41.463Z] <<< [apiv2][status] GET https://serviceusage.googleapis.com/v1/projects/al-rahma-hospital/services/firebasedatabase.googleapis.com 200
[debug] [2024-05-06T21:31:41.463Z] <<< [apiv2][body] GET https://serviceusage.googleapis.com/v1/projects/al-rahma-hospital/services/firebasedatabase.googleapis.com [omitted]
[warn] !  database: missing required API firebasedatabase.googleapis.com. Enabling now... 
[debug] [2024-05-06T21:31:41.464Z] >>> [apiv2][query] POST https://serviceusage.googleapis.com/v1/projects/al-rahma-hospital/services/firebasedatabase.googleapis.com:enable [none]
[debug] [2024-05-06T21:31:41.464Z] >>> [apiv2][(partial)header] POST https://serviceusage.googleapis.com/v1/projects/al-rahma-hospital/services/firebasedatabase.googleapis.com:enable x-goog-quota-user=projects/al-rahma-hospital
[debug] [2024-05-06T21:31:42.892Z] <<< [apiv2][status] POST https://serviceusage.googleapis.com/v1/projects/al-rahma-hospital/services/firebasedatabase.googleapis.com:enable 200
[debug] [2024-05-06T21:31:42.892Z] <<< [apiv2][body] POST https://serviceusage.googleapis.com/v1/projects/al-rahma-hospital/services/firebasedatabase.googleapis.com:enable [omitted]
[debug] [2024-05-06T21:31:52.895Z] >>> [apiv2][query] GET https://serviceusage.googleapis.com/v1/projects/al-rahma-hospital/services/firebasedatabase.googleapis.com [none]
[debug] [2024-05-06T21:31:52.895Z] >>> [apiv2][(partial)header] GET https://serviceusage.googleapis.com/v1/projects/al-rahma-hospital/services/firebasedatabase.googleapis.com x-goog-quota-user=projects/al-rahma-hospital
[debug] [2024-05-06T21:31:53.944Z] <<< [apiv2][status] GET https://serviceusage.googleapis.com/v1/projects/al-rahma-hospital/services/firebasedatabase.googleapis.com 200
[debug] [2024-05-06T21:31:53.944Z] <<< [apiv2][body] GET https://serviceusage.googleapis.com/v1/projects/al-rahma-hospital/services/firebasedatabase.googleapis.com [omitted]
[info] +  database: required API firebasedatabase.googleapis.com is enabled 
[info] 
[debug] [2024-05-06T21:31:53.948Z] >>> [apiv2][query] GET https://firebase.googleapis.com/v1beta1/projects/al-rahma-hospital [none]
[debug] [2024-05-06T21:31:54.352Z] <<< [apiv2][status] GET https://firebase.googleapis.com/v1beta1/projects/al-rahma-hospital 200
[debug] [2024-05-06T21:31:54.352Z] <<< [apiv2][body] GET https://firebase.googleapis.com/v1beta1/projects/al-rahma-hospital {"projectId":"al-rahma-hospital","projectNumber":"794534087439","displayName":"AL-Rahma-Hospital","name":"projects/al-rahma-hospital","resources":{"hostingSite":"al-rahma-hospital"},"state":"ACTIVE","etag":"1_59a36ded-bc2a-4e91-8e70-c272c5660545"}
[debug] [2024-05-06T21:32:13.988Z] >>> [apiv2][query] POST https://firebasedatabase.googleapis.com/v1beta/projects/al-rahma-hospital/locations/europe-west1/instances databaseId=al-rahma-hospital-default-rtdb&validateOnly=true
[debug] [2024-05-06T21:32:13.988Z] >>> [apiv2][body] POST https://firebasedatabase.googleapis.com/v1beta/projects/al-rahma-hospital/locations/europe-west1/instances {"type":"default_database"}
[debug] [2024-05-06T21:32:15.142Z] <<< [apiv2][status] POST https://firebasedatabase.googleapis.com/v1beta/projects/al-rahma-hospital/locations/europe-west1/instances 200
[debug] [2024-05-06T21:32:15.142Z] <<< [apiv2][body] POST https://firebasedatabase.googleapis.com/v1beta/projects/al-rahma-hospital/locations/europe-west1/instances {"name":"projects/794534087439/locations/europe-west1/instances/al-rahma-hospital-default-rtdb","project":"projects/794534087439","databaseUrl":"https://al-rahma-hospital-default-rtdb.europe-west1.firebasedatabase.app","type":"DEFAULT_DATABASE","state":"ACTIVE"}
[debug] [2024-05-06T21:32:15.143Z] >>> [apiv2][query] POST https://firebasedatabase.googleapis.com/v1beta/projects/al-rahma-hospital/locations/europe-west1/instances databaseId=al-rahma-hospital-default-rtdb
[debug] [2024-05-06T21:32:15.143Z] >>> [apiv2][body] POST https://firebasedatabase.googleapis.com/v1beta/projects/al-rahma-hospital/locations/europe-west1/instances {"type":"default_database"}
[debug] [2024-05-06T21:32:15.822Z] <<< [apiv2][status] POST https://firebasedatabase.googleapis.com/v1beta/projects/al-rahma-hospital/locations/europe-west1/instances 200
[debug] [2024-05-06T21:32:15.822Z] <<< [apiv2][body] POST https://firebasedatabase.googleapis.com/v1beta/projects/al-rahma-hospital/locations/europe-west1/instances {"name":"projects/794534087439/locations/europe-west1/instances/al-rahma-hospital-default-rtdb","project":"projects/794534087439","databaseUrl":"https://al-rahma-hospital-default-rtdb.europe-west1.firebasedatabase.app","type":"DEFAULT_DATABASE","state":"ACTIVE"}
[info] 
[info] Firebase Realtime Database Security Rules allow you to define how your data should be
[info] structured and when your data can be read from and written to.
[info] 
